<?xml version="1.0" encoding="UTF-8"?>
<!-- Generated by org.testng.reporters.JUnitXMLReporter -->
<testsuite ignored="0" hostname="hp" failures="0" tests="6" name="Chrome" time="15.461" errors="0" timestamp="2023-03-04T00:44:58 IST">
  <testcase classname="com.bridgelabz.Webinar" name="webinarAutoFill" time="4.1"/>
  <testcase classname="com.bridgelabz.Webinar" name="webinarAutoFill" time="2.232"/>
  <testcase classname="com.bridgelabz.Webinar" name="webinarAutoFill" time="1.848"/>
  <testcase classname="com.bridgelabz.Webinar" name="email" time="1.33"/>
  <testcase classname="com.bridgelabz.Webinar" name="email" time="1.262"/>
  <testcase classname="com.bridgelabz.Webinar" name="email" time="1.293"/>
</testsuite> <!-- Chrome -->
