<?xml version="1.0" encoding="UTF-8"?>
<!-- Generated by org.testng.reporters.JUnitXMLReporter -->
<testsuite ignored="0" hostname="hp" failures="1" tests="4" name="EdgeBrowser" time="0.043" errors="0" timestamp="2023-03-03T23:54:02 IST">
  <testcase classname="com.bridgelabz.Webinar" name="webinarAutoFill" time="0.0">
    <skipped/>
  </testcase> <!-- webinarAutoFill -->
  <testcase classname="com.bridgelabz.Webinar" name="webinarAutoFill" time="0.0">
    <skipped/>
  </testcase> <!-- webinarAutoFill -->
  <testcase classname="com.bridgelabz.Webinar" name="webinarAutoFill" time="0.0">
    <skipped/>
  </testcase> <!-- webinarAutoFill -->
  <testcase classname="com.bridgelabz.Webinar" name="email" time="0.0">
    <failure type="org.testng.TestNGException" message="
Method public void com.bridgelabz.Webinar.email(java.lang.String) throws java.lang.InterruptedException requires a @DataProvider named : dataProvider in class com.bridgelabz.WebinarDataProviders">
      <![CDATA[org.testng.TestNGException: 
Method public void com.bridgelabz.Webinar.email(java.lang.String) throws java.lang.InterruptedException requires a @DataProvider named : dataProvider in class com.bridgelabz.WebinarDataProviders
at java.base/java.util.ArrayList.forEach(ArrayList.java:1541)
at com.intellij.rt.testng.IDEARemoteTestNG.run(IDEARemoteTestNG.java:66)
at com.intellij.rt.testng.RemoteTestNGStarter.main(RemoteTestNGStarter.java:109)
... Removed 21 stack frames]]>
    </failure>
  </testcase> <!-- email -->
</testsuite> <!-- EdgeBrowser -->
