<?xml version="1.0" encoding="UTF-8"?>
<!-- Generated by org.testng.reporters.JUnitXMLReporter -->
<testsuite ignored="0" hostname="hp" failures="1" tests="2" name="Status" time="1.175" errors="0" timestamp="2023-03-03T23:54:02 IST">
  <testcase classname="com.bridgelabz.TestFailure" name="testPassed" time="0.005"/>
  <testcase classname="com.bridgelabz.TestFailure" name="testFailed" time="0.009">
    <failure type="java.lang.AssertionError" message="expected [true] but found [false]">
      <![CDATA[java.lang.AssertionError: expected [true] but found [false]
at com.bridgelabz.TestFailure.testFailed(TestFailure.java:16)
at java.base/java.util.ArrayList.forEach(ArrayList.java:1541)
at com.intellij.rt.testng.IDEARemoteTestNG.run(IDEARemoteTestNG.java:66)
at com.intellij.rt.testng.RemoteTestNGStarter.main(RemoteTestNGStarter.java:109)
... Removed 28 stack frames]]>
    </failure>
  </testcase> <!-- testFailed -->
</testsuite> <!-- Status -->
